{"C:\\Users\\Matthew.LAPTOP-4OI0A26J\\Documents\\2.Practicas\\React-fernando-herrera\\03-gifs-app\\src\\GifsApp.tsx": {"path":"C:\\Users\\Matthew.LAPTOP-4OI0A26J\\Documents\\2.Practicas\\React-fernando-herrera\\03-gifs-app\\src\\GifsApp.tsx","statementMap":{"0":{"start":{"line":9,"column":23},"end":{"line":29,"column":null}},"1":{"start":{"line":10,"column":66},"end":{"line":10,"column":null}},"2":{"start":{"line":11,"column":1},"end":{"line":26,"column":null}}},"fnMap":{"0":{"name":"(anonymous_0)","decl":{"start":{"line":9,"column":23},"end":{"line":9,"column":null}},"loc":{"start":{"line":9,"column":23},"end":{"line":29,"column":null}},"line":9}},"branchMap":{},"s":{"0":1,"1":1,"2":1},"f":{"0":1},"b":{},"meta":{"lastBranch":0,"lastFunction":1,"lastStatement":3,"seen":{"s:9:23:29:Infinity":0,"f:9:23:9:Infinity":0,"s:10:66:10:Infinity":1,"s:11:1:26:Infinity":2}}}
,"C:\\Users\\Matthew.LAPTOP-4OI0A26J\\Documents\\2.Practicas\\React-fernando-herrera\\03-gifs-app\\src\\counter\\components\\MyCounterApp.tsx": {"path":"C:\\Users\\Matthew.LAPTOP-4OI0A26J\\Documents\\2.Practicas\\React-fernando-herrera\\03-gifs-app\\src\\counter\\components\\MyCounterApp.tsx","statementMap":{"0":{"start":{"line":3,"column":28},"end":{"line":17,"column":null}},"1":{"start":{"line":4,"column":64},"end":{"line":4,"column":83}},"2":{"start":{"line":6,"column":2},"end":{"line":13,"column":null}}},"fnMap":{"0":{"name":"(anonymous_0)","decl":{"start":{"line":3,"column":28},"end":{"line":3,"column":null}},"loc":{"start":{"line":3,"column":28},"end":{"line":17,"column":null}},"line":3}},"branchMap":{},"s":{"0":2,"1":7,"2":7},"f":{"0":7},"b":{},"meta":{"lastBranch":0,"lastFunction":1,"lastStatement":3,"seen":{"s:3:28:17:Infinity":0,"f:3:28:3:Infinity":0,"s:4:64:4:83":1,"s:6:2:13:Infinity":2}}}
,"C:\\Users\\Matthew.LAPTOP-4OI0A26J\\Documents\\2.Practicas\\React-fernando-herrera\\03-gifs-app\\src\\counter\\hooks\\useCounter.tsx": {"path":"C:\\Users\\Matthew.LAPTOP-4OI0A26J\\Documents\\2.Practicas\\React-fernando-herrera\\03-gifs-app\\src\\counter\\hooks\\useCounter.tsx","statementMap":{"0":{"start":{"line":3,"column":26},"end":{"line":25,"column":null}},"1":{"start":{"line":4,"column":33},"end":{"line":4,"column":null}},"2":{"start":{"line":6,"column":23},"end":{"line":8,"column":null}},"3":{"start":{"line":7,"column":8},"end":{"line":7,"column":null}},"4":{"start":{"line":9,"column":28},"end":{"line":11,"column":null}},"5":{"start":{"line":10,"column":8},"end":{"line":10,"column":null}},"6":{"start":{"line":12,"column":25},"end":{"line":14,"column":null}},"7":{"start":{"line":13,"column":8},"end":{"line":13,"column":null}},"8":{"start":{"line":15,"column":4},"end":{"line":24,"column":null}}},"fnMap":{"0":{"name":"(anonymous_0)","decl":{"start":{"line":3,"column":26},"end":{"line":3,"column":28}},"loc":{"start":{"line":3,"column":52},"end":{"line":25,"column":null}},"line":3},"1":{"name":"(anonymous_1)","decl":{"start":{"line":6,"column":23},"end":{"line":6,"column":null}},"loc":{"start":{"line":6,"column":23},"end":{"line":8,"column":null}},"line":6},"2":{"name":"(anonymous_2)","decl":{"start":{"line":9,"column":28},"end":{"line":9,"column":null}},"loc":{"start":{"line":9,"column":28},"end":{"line":11,"column":null}},"line":9},"3":{"name":"(anonymous_3)","decl":{"start":{"line":12,"column":25},"end":{"line":12,"column":null}},"loc":{"start":{"line":12,"column":25},"end":{"line":14,"column":null}},"line":12}},"branchMap":{"0":{"loc":{"start":{"line":3,"column":28},"end":{"line":3,"column":52}},"type":"default-arg","locations":[{"start":{"line":3,"column":50},"end":{"line":3,"column":52}}],"line":3}},"s":{"0":2,"1":14,"2":14,"3":4,"4":14,"5":2,"6":14,"7":1,"8":14},"f":{"0":14,"1":4,"2":2,"3":1},"b":{"0":[14]},"meta":{"lastBranch":1,"lastFunction":4,"lastStatement":9,"seen":{"s:3:26:25:Infinity":0,"f:3:26:3:28":0,"b:3:50:3:52":0,"s:4:33:4:Infinity":1,"s:6:23:8:Infinity":2,"f:6:23:6:Infinity":1,"s:7:8:7:Infinity":3,"s:9:28:11:Infinity":4,"f:9:28:9:Infinity":2,"s:10:8:10:Infinity":5,"s:12:25:14:Infinity":6,"f:12:25:12:Infinity":3,"s:13:8:13:Infinity":7,"s:15:4:24:Infinity":8}}}
,"C:\\Users\\Matthew.LAPTOP-4OI0A26J\\Documents\\2.Practicas\\React-fernando-herrera\\03-gifs-app\\src\\gifs\\actions\\get-gifs-by-query.action.ts": {"path":"C:\\Users\\Matthew.LAPTOP-4OI0A26J\\Documents\\2.Practicas\\React-fernando-herrera\\03-gifs-app\\src\\gifs\\actions\\get-gifs-by-query.action.ts","statementMap":{"0":{"start":{"line":5,"column":36},"end":{"line":29,"column":null}},"1":{"start":{"line":7,"column":2},"end":{"line":7,"column":null}},"2":{"start":{"line":7,"column":32},"end":{"line":7,"column":null}},"3":{"start":{"line":9,"column":2},"end":{"line":28,"column":null}},"4":{"start":{"line":11,"column":24},"end":{"line":16,"column":null}},"5":{"start":{"line":18,"column":6},"end":{"line":24,"column":null}},"6":{"start":{"line":18,"column":42},"end":{"line":24,"column":null}},"7":{"start":{"line":26,"column":4},"end":{"line":26,"column":null}},"8":{"start":{"line":27,"column":4},"end":{"line":27,"column":null}}},"fnMap":{"0":{"name":"(anonymous_0)","decl":{"start":{"line":5,"column":36},"end":{"line":5,"column":43}},"loc":{"start":{"line":5,"column":43},"end":{"line":29,"column":null}},"line":5},"1":{"name":"(anonymous_1)","decl":{"start":{"line":18,"column":36},"end":{"line":18,"column":42}},"loc":{"start":{"line":18,"column":42},"end":{"line":24,"column":null}},"line":18}},"branchMap":{"0":{"loc":{"start":{"line":7,"column":2},"end":{"line":7,"column":null}},"type":"if","locations":[{"start":{"line":7,"column":2},"end":{"line":7,"column":null}},{"start":{},"end":{}}],"line":7}},"s":{"0":3,"1":16,"2":1,"3":15,"4":15,"5":14,"6":140,"7":1,"8":1},"f":{"0":16,"1":140},"b":{"0":[1,15]},"meta":{"lastBranch":1,"lastFunction":2,"lastStatement":9,"seen":{"s:5:36:29:Infinity":0,"f:5:36:5:43":0,"b:7:2:7:Infinity:undefined:undefined:undefined:undefined":0,"s:7:2:7:Infinity":1,"s:7:32:7:Infinity":2,"s:9:2:28:Infinity":3,"s:11:24:16:Infinity":4,"s:18:6:24:Infinity":5,"f:18:36:18:42":1,"s:18:42:24:Infinity":6,"s:26:4:26:Infinity":7,"s:27:4:27:Infinity":8}}}
,"C:\\Users\\Matthew.LAPTOP-4OI0A26J\\Documents\\2.Practicas\\React-fernando-herrera\\03-gifs-app\\src\\gifs\\api\\giphy.api.ts": {"path":"C:\\Users\\Matthew.LAPTOP-4OI0A26J\\Documents\\2.Practicas\\React-fernando-herrera\\03-gifs-app\\src\\gifs\\api\\giphy.api.ts","statementMap":{"0":{"start":{"line":5,"column":24},"end":{"line":11,"column":null}}},"fnMap":{},"branchMap":{},"s":{"0":4},"f":{},"b":{},"meta":{"lastBranch":0,"lastFunction":0,"lastStatement":1,"seen":{"s:5:24:11:Infinity":0}}}
,"C:\\Users\\Matthew.LAPTOP-4OI0A26J\\Documents\\2.Practicas\\React-fernando-herrera\\03-gifs-app\\src\\gifs\\components\\GifsContainer.tsx": {"path":"C:\\Users\\Matthew.LAPTOP-4OI0A26J\\Documents\\2.Practicas\\React-fernando-herrera\\03-gifs-app\\src\\gifs\\components\\GifsContainer.tsx","statementMap":{"0":{"start":{"line":9,"column":52},"end":{"line":23,"column":null}},"1":{"start":{"line":10,"column":2},"end":{"line":13,"column":30}},"2":{"start":{"line":12,"column":19},"end":{"line":13,"column":30}}},"fnMap":{"0":{"name":"(anonymous_0)","decl":{"start":{"line":9,"column":52},"end":{"line":9,"column":53}},"loc":{"start":{"line":9,"column":59},"end":{"line":23,"column":null}},"line":9},"1":{"name":"(anonymous_1)","decl":{"start":{"line":12,"column":19},"end":{"line":12,"column":null}},"loc":{"start":{"line":12,"column":19},"end":{"line":13,"column":30}},"line":12}},"branchMap":{},"s":{"0":1,"1":1,"2":0},"f":{"0":1,"1":0},"b":{},"meta":{"lastBranch":0,"lastFunction":2,"lastStatement":3,"seen":{"s:9:52:23:Infinity":0,"f:9:52:9:53":0,"s:10:2:13:30":1,"f:12:19:12:Infinity":1,"s:12:19:13:30":2}}}
,"C:\\Users\\Matthew.LAPTOP-4OI0A26J\\Documents\\2.Practicas\\React-fernando-herrera\\03-gifs-app\\src\\gifs\\components\\PreviousList.tsx": {"path":"C:\\Users\\Matthew.LAPTOP-4OI0A26J\\Documents\\2.Practicas\\React-fernando-herrera\\03-gifs-app\\src\\gifs\\components\\PreviousList.tsx","statementMap":{"0":{"start":{"line":5,"column":28},"end":{"line":16,"column":null}},"1":{"start":{"line":6,"column":4},"end":{"line":11,"column":35}},"2":{"start":{"line":10,"column":31},"end":{"line":11,"column":35}},"3":{"start":{"line":11,"column":48},"end":{"line":11,"column":69}}},"fnMap":{"0":{"name":"(anonymous_0)","decl":{"start":{"line":5,"column":28},"end":{"line":5,"column":30}},"loc":{"start":{"line":5,"column":74},"end":{"line":16,"column":null}},"line":5},"1":{"name":"(anonymous_1)","decl":{"start":{"line":10,"column":30},"end":{"line":10,"column":31}},"loc":{"start":{"line":10,"column":31},"end":{"line":11,"column":35}},"line":10},"2":{"name":"(anonymous_2)","decl":{"start":{"line":11,"column":44},"end":{"line":11,"column":48}},"loc":{"start":{"line":11,"column":48},"end":{"line":11,"column":69}},"line":11}},"branchMap":{},"s":{"0":1,"1":1,"2":0,"3":0},"f":{"0":1,"1":0,"2":0},"b":{},"meta":{"lastBranch":0,"lastFunction":3,"lastStatement":4,"seen":{"s:5:28:16:Infinity":0,"f:5:28:5:30":0,"s:6:4:11:35":1,"f:10:30:10:31":1,"s:10:31:11:35":2,"f:11:44:11:48":2,"s:11:48:11:69":3}}}
,"C:\\Users\\Matthew.LAPTOP-4OI0A26J\\Documents\\2.Practicas\\React-fernando-herrera\\03-gifs-app\\src\\gifs\\hooks\\useGifs.tsx": {"path":"C:\\Users\\Matthew.LAPTOP-4OI0A26J\\Documents\\2.Practicas\\React-fernando-herrera\\03-gifs-app\\src\\gifs\\hooks\\useGifs.tsx","statementMap":{"0":{"start":{"line":9,"column":23},"end":{"line":51,"column":null}},"1":{"start":{"line":11,"column":28},"end":{"line":11,"column":null}},"2":{"start":{"line":12,"column":51},"end":{"line":12,"column":null}},"3":{"start":{"line":13,"column":10},"end":{"line":13,"column":56}},"4":{"start":{"line":16,"column":31},"end":{"line":25,"column":null}},"5":{"start":{"line":17,"column":8},"end":{"line":20,"column":null}},"6":{"start":{"line":18,"column":12},"end":{"line":18,"column":null}},"7":{"start":{"line":19,"column":12},"end":{"line":19,"column":null}},"8":{"start":{"line":22,"column":21},"end":{"line":22,"column":null}},"9":{"start":{"line":23,"column":8},"end":{"line":23,"column":null}},"10":{"start":{"line":24,"column":8},"end":{"line":24,"column":39}},"11":{"start":{"line":27,"column":25},"end":{"line":40,"column":null}},"12":{"start":{"line":29,"column":27},"end":{"line":29,"column":null}},"13":{"start":{"line":30,"column":8},"end":{"line":30,"column":null}},"14":{"start":{"line":30,"column":43},"end":{"line":30,"column":null}},"15":{"start":{"line":31,"column":8},"end":{"line":31,"column":null}},"16":{"start":{"line":31,"column":49},"end":{"line":31,"column":null}},"17":{"start":{"line":34,"column":8},"end":{"line":34,"column":null}},"18":{"start":{"line":34,"column":85},"end":{"line":34,"column":103}},"19":{"start":{"line":37,"column":21},"end":{"line":37,"column":null}},"20":{"start":{"line":38,"column":8},"end":{"line":38,"column":null}},"21":{"start":{"line":39,"column":8},"end":{"line":39,"column":null}},"22":{"start":{"line":42,"column":4},"end":{"line":50,"column":null}}},"fnMap":{"0":{"name":"(anonymous_0)","decl":{"start":{"line":9,"column":23},"end":{"line":9,"column":null}},"loc":{"start":{"line":9,"column":23},"end":{"line":51,"column":null}},"line":9},"1":{"name":"(anonymous_1)","decl":{"start":{"line":16,"column":31},"end":{"line":16,"column":38}},"loc":{"start":{"line":16,"column":38},"end":{"line":25,"column":null}},"line":16},"2":{"name":"(anonymous_2)","decl":{"start":{"line":27,"column":25},"end":{"line":27,"column":33}},"loc":{"start":{"line":27,"column":33},"end":{"line":40,"column":null}},"line":27},"3":{"name":"(anonymous_3)","decl":{"start":{"line":34,"column":71},"end":{"line":34,"column":72}},"loc":{"start":{"line":34,"column":85},"end":{"line":34,"column":103}},"line":34}},"branchMap":{"0":{"loc":{"start":{"line":17,"column":8},"end":{"line":20,"column":null}},"type":"if","locations":[{"start":{"line":17,"column":8},"end":{"line":20,"column":null}},{"start":{},"end":{}}],"line":17},"1":{"loc":{"start":{"line":30,"column":8},"end":{"line":30,"column":null}},"type":"if","locations":[{"start":{"line":30,"column":8},"end":{"line":30,"column":null}},{"start":{},"end":{}}],"line":30},"2":{"loc":{"start":{"line":31,"column":8},"end":{"line":31,"column":null}},"type":"if","locations":[{"start":{"line":31,"column":8},"end":{"line":31,"column":null}},{"start":{},"end":{}}],"line":31},"3":{"loc":{"start":{"line":34,"column":85},"end":{"line":34,"column":103}},"type":"binary-expr","locations":[{"start":{"line":34,"column":85},"end":{"line":34,"column":97}},{"start":{"line":34,"column":97},"end":{"line":34,"column":103}}],"line":34}},"s":{"0":2,"1":19,"2":19,"3":19,"4":19,"5":1,"6":0,"7":0,"8":1,"9":1,"10":1,"11":19,"12":13,"13":13,"14":0,"15":13,"16":1,"17":12,"18":44,"19":12,"20":12,"21":12,"22":19},"f":{"0":19,"1":1,"2":13,"3":44},"b":{"0":[0,1],"1":[0,13],"2":[1,12],"3":[44,42]},"meta":{"lastBranch":4,"lastFunction":4,"lastStatement":23,"seen":{"s:9:23:51:Infinity":0,"f:9:23:9:Infinity":0,"s:11:28:11:Infinity":1,"s:12:51:12:Infinity":2,"s:13:10:13:56":3,"s:16:31:25:Infinity":4,"f:16:31:16:38":1,"b:17:8:20:Infinity:undefined:undefined:undefined:undefined":0,"s:17:8:20:Infinity":5,"s:18:12:18:Infinity":6,"s:19:12:19:Infinity":7,"s:22:21:22:Infinity":8,"s:23:8:23:Infinity":9,"s:24:8:24:39":10,"s:27:25:40:Infinity":11,"f:27:25:27:33":2,"s:29:27:29:Infinity":12,"b:30:8:30:Infinity:undefined:undefined:undefined:undefined":1,"s:30:8:30:Infinity":13,"s:30:43:30:Infinity":14,"b:31:8:31:Infinity:undefined:undefined:undefined:undefined":2,"s:31:8:31:Infinity":15,"s:31:49:31:Infinity":16,"s:34:8:34:Infinity":17,"f:34:71:34:72":3,"s:34:85:34:103":18,"b:34:85:34:97:34:97:34:103":3,"s:37:21:37:Infinity":19,"s:38:8:38:Infinity":20,"s:39:8:39:Infinity":21,"s:42:4:50:Infinity":22}}}
,"C:\\Users\\Matthew.LAPTOP-4OI0A26J\\Documents\\2.Practicas\\React-fernando-herrera\\03-gifs-app\\src\\mock-data\\gifs.data.ts": {"path":"C:\\Users\\Matthew.LAPTOP-4OI0A26J\\Documents\\2.Practicas\\React-fernando-herrera\\03-gifs-app\\src\\mock-data\\gifs.data.ts","statementMap":{"0":{"start":{"line":1,"column":39},"end":{"line":2053,"column":null}}},"fnMap":{},"branchMap":{},"s":{"0":2},"f":{},"b":{},"meta":{"lastBranch":0,"lastFunction":0,"lastStatement":1,"seen":{"s:1:39:2053:Infinity":0}}}
,"C:\\Users\\Matthew.LAPTOP-4OI0A26J\\Documents\\2.Practicas\\React-fernando-herrera\\03-gifs-app\\src\\shared\\components\\CustomHeader.tsx": {"path":"C:\\Users\\Matthew.LAPTOP-4OI0A26J\\Documents\\2.Practicas\\React-fernando-herrera\\03-gifs-app\\src\\shared\\components\\CustomHeader.tsx","statementMap":{"0":{"start":{"line":6,"column":28},"end":{"line":13,"column":null}},"1":{"start":{"line":7,"column":4},"end":{"line":10,"column":null}}},"fnMap":{"0":{"name":"(anonymous_0)","decl":{"start":{"line":6,"column":28},"end":{"line":6,"column":30}},"loc":{"start":{"line":6,"column":69},"end":{"line":13,"column":null}},"line":6}},"branchMap":{"0":{"loc":{"start":{"line":10,"column":14},"end":{"line":10,"column":null}},"type":"binary-expr","locations":[{"start":{"line":10,"column":14},"end":{"line":10,"column":29}},{"start":{"line":10,"column":14},"end":{"line":10,"column":null}}],"line":10}},"s":{"0":2,"1":4},"f":{"0":4},"b":{"0":[4,2]},"meta":{"lastBranch":1,"lastFunction":1,"lastStatement":2,"seen":{"s:6:28:13:Infinity":0,"f:6:28:6:30":0,"s:7:4:10:Infinity":1,"b:10:14:10:29:10:14:10:Infinity":0}}}
,"C:\\Users\\Matthew.LAPTOP-4OI0A26J\\Documents\\2.Practicas\\React-fernando-herrera\\03-gifs-app\\src\\shared\\components\\SearchInput.tsx": {"path":"C:\\Users\\Matthew.LAPTOP-4OI0A26J\\Documents\\2.Practicas\\React-fernando-herrera\\03-gifs-app\\src\\shared\\components\\SearchInput.tsx","statementMap":{"0":{"start":{"line":8,"column":27},"end":{"line":44,"column":null}},"1":{"start":{"line":10,"column":37},"end":{"line":10,"column":null}},"2":{"start":{"line":12,"column":4},"end":{"line":21,"column":null}},"3":{"start":{"line":13,"column":26},"end":{"line":15,"column":null}},"4":{"start":{"line":14,"column":12},"end":{"line":14,"column":null}},"5":{"start":{"line":17,"column":8},"end":{"line":20,"column":null}},"6":{"start":{"line":18,"column":12},"end":{"line":18,"column":null}},"7":{"start":{"line":19,"column":12},"end":{"line":19,"column":null}},"8":{"start":{"line":23,"column":30},"end":{"line":25,"column":null}},"9":{"start":{"line":24,"column":8},"end":{"line":24,"column":null}},"10":{"start":{"line":26,"column":25},"end":{"line":29,"column":null}},"11":{"start":{"line":27,"column":8},"end":{"line":27,"column":null}},"12":{"start":{"line":30,"column":26},"end":{"line":32,"column":null}},"13":{"start":{"line":31,"column":8},"end":{"line":31,"column":null}},"14":{"start":{"line":31,"column":34},"end":{"line":31,"column":48}},"15":{"start":{"line":34,"column":4},"end":{"line":41,"column":null}}},"fnMap":{"0":{"name":"(anonymous_0)","decl":{"start":{"line":8,"column":27},"end":{"line":8,"column":28}},"loc":{"start":{"line":8,"column":80},"end":{"line":44,"column":null}},"line":8},"1":{"name":"(anonymous_1)","decl":{"start":{"line":12,"column":14},"end":{"line":12,"column":null}},"loc":{"start":{"line":12,"column":14},"end":{"line":21,"column":7}},"line":12},"2":{"name":"(anonymous_2)","decl":{"start":{"line":13,"column":37},"end":{"line":13,"column":null}},"loc":{"start":{"line":13,"column":37},"end":{"line":15,"column":11}},"line":13},"3":{"name":"(anonymous_3)","decl":{"start":{"line":17,"column":15},"end":{"line":17,"column":null}},"loc":{"start":{"line":17,"column":15},"end":{"line":20,"column":null}},"line":17},"4":{"name":"(anonymous_4)","decl":{"start":{"line":23,"column":30},"end":{"line":23,"column":31}},"loc":{"start":{"line":23,"column":31},"end":{"line":25,"column":null}},"line":23},"5":{"name":"(anonymous_5)","decl":{"start":{"line":26,"column":25},"end":{"line":26,"column":null}},"loc":{"start":{"line":26,"column":25},"end":{"line":29,"column":null}},"line":26},"6":{"name":"(anonymous_6)","decl":{"start":{"line":30,"column":26},"end":{"line":30,"column":27}},"loc":{"start":{"line":30,"column":27},"end":{"line":32,"column":null}},"line":30}},"branchMap":{"0":{"loc":{"start":{"line":8,"column":29},"end":{"line":8,"column":51}},"type":"default-arg","locations":[{"start":{"line":8,"column":43},"end":{"line":8,"column":51}}],"line":8},"1":{"loc":{"start":{"line":31,"column":8},"end":{"line":31,"column":null}},"type":"if","locations":[{"start":{"line":31,"column":8},"end":{"line":31,"column":null}},{"start":{},"end":{}}],"line":31}},"s":{"0":2,"1":11,"2":11,"3":11,"4":2,"5":11,"6":11,"7":11,"8":11,"9":5,"10":11,"11":1,"12":11,"13":0,"14":0,"15":11},"f":{"0":11,"1":11,"2":2,"3":11,"4":5,"5":1,"6":0},"b":{"0":[11],"1":[0,0]},"meta":{"lastBranch":2,"lastFunction":7,"lastStatement":16,"seen":{"s:8:27:44:Infinity":0,"f:8:27:8:28":0,"b:8:43:8:51":0,"s:10:37:10:Infinity":1,"s:12:4:21:Infinity":2,"f:12:14:12:Infinity":1,"s:13:26:15:Infinity":3,"f:13:37:13:Infinity":2,"s:14:12:14:Infinity":4,"s:17:8:20:Infinity":5,"f:17:15:17:Infinity":3,"s:18:12:18:Infinity":6,"s:19:12:19:Infinity":7,"s:23:30:25:Infinity":8,"f:23:30:23:31":4,"s:24:8:24:Infinity":9,"s:26:25:29:Infinity":10,"f:26:25:26:Infinity":5,"s:27:8:27:Infinity":11,"s:30:26:32:Infinity":12,"f:30:26:30:27":6,"b:31:8:31:Infinity:undefined:undefined:undefined:undefined":1,"s:31:8:31:Infinity":13,"s:31:34:31:48":14,"s:34:4:41:Infinity":15}}}
}
