<?xml version="1.0" encoding="UTF-8"?>
<coverage generated="1758300501460" clover="3.2.0">
  <project timestamp="1758300501460" name="All files">
    <metrics statements="84" coveredstatements="75" conditionals="13" coveredconditionals="11" methods="10" coveredmethods="8" elements="107" coveredelements="94" complexity="0" loc="84" ncloc="84" packages="3" files="5" classes="5"/>
    <package name="src">
      <metrics statements="45" coveredstatements="38" conditionals="4" coveredconditionals="2" methods="3" coveredmethods="2"/>
      <file name="FirstSteepsApp.tsx" path="C:\Users\Matthew.LAPTOP-4OI0A26J\Documents\2.Practicas\React-fernando-herrera\02-firts-steps\src\FirstSteepsApp.tsx">
        <metrics statements="13" coveredstatements="13" conditionals="1" coveredconditionals="1" methods="1" coveredmethods="1"/>
        <line num="1" count="1" type="stmt"/>
        <line num="8" count="1" type="stmt"/>
        <line num="9" count="1" type="stmt"/>
        <line num="10" count="1" type="stmt"/>
        <line num="11" count="1" type="stmt"/>
        <line num="12" count="1" type="stmt"/>
        <line num="14" count="1" type="cond" truecount="1" falsecount="0"/>
        <line num="15" count="3" type="stmt"/>
        <line num="16" count="3" type="stmt"/>
        <line num="17" count="3" type="stmt"/>
        <line num="19" count="3" type="stmt"/>
        <line num="20" count="3" type="stmt"/>
        <line num="29" count="3" type="stmt"/>
      </file>
      <file name="MyAwesomeApp.tsx" path="C:\Users\Matthew.LAPTOP-4OI0A26J\Documents\2.Practicas\React-fernando-herrera\02-firts-steps\src\MyAwesomeApp.tsx">
        <metrics statements="25" coveredstatements="25" conditionals="2" coveredconditionals="1" methods="1" coveredmethods="1"/>
        <line num="1" count="1" type="stmt"/>
        <line num="3" count="1" type="cond" truecount="1" falsecount="0"/>
        <line num="4" count="4" type="stmt"/>
        <line num="6" count="4" type="stmt"/>
        <line num="7" count="4" type="stmt"/>
        <line num="9" count="4" type="stmt"/>
        <line num="10" count="4" type="stmt"/>
        <line num="11" count="4" type="stmt"/>
        <line num="12" count="4" type="stmt"/>
        <line num="14" count="4" type="stmt"/>
        <line num="15" count="4" type="cond" truecount="0" falsecount="1"/>
        <line num="16" count="4" type="stmt"/>
        <line num="17" count="4" type="stmt"/>
        <line num="18" count="4" type="stmt"/>
        <line num="19" count="4" type="stmt"/>
        <line num="20" count="4" type="stmt"/>
        <line num="21" count="4" type="stmt"/>
        <line num="22" count="4" type="stmt"/>
        <line num="24" count="4" type="stmt"/>
        <line num="25" count="4" type="stmt"/>
        <line num="28" count="4" type="stmt"/>
        <line num="29" count="4" type="stmt"/>
        <line num="31" count="4" type="stmt"/>
        <line num="32" count="4" type="stmt"/>
        <line num="36" count="4" type="stmt"/>
      </file>
      <file name="main.tsx" path="C:\Users\Matthew.LAPTOP-4OI0A26J\Documents\2.Practicas\React-fernando-herrera\02-firts-steps\src\main.tsx">
        <metrics statements="7" coveredstatements="0" conditionals="1" coveredconditionals="0" methods="1" coveredmethods="0"/>
        <line num="1" count="0" type="cond" truecount="0" falsecount="1"/>
        <line num="2" count="0" type="stmt"/>
        <line num="3" count="0" type="stmt"/>
        <line num="4" count="0" type="stmt"/>
        <line num="6" count="0" type="stmt"/>
        <line num="7" count="0" type="stmt"/>
        <line num="8" count="0" type="stmt"/>
      </file>
    </package>
    <package name="src.helpers">
      <metrics statements="13" coveredstatements="11" conditionals="3" coveredconditionals="3" methods="4" coveredmethods="3"/>
      <file name="math.helper.ts" path="C:\Users\Matthew.LAPTOP-4OI0A26J\Documents\2.Practicas\React-fernando-herrera\02-firts-steps\src\helpers\math.helper.ts">
        <metrics statements="13" coveredstatements="11" conditionals="3" coveredconditionals="3" methods="4" coveredmethods="3"/>
        <line num="2" count="1" type="cond" truecount="1" falsecount="0"/>
        <line num="3" count="2" type="stmt"/>
        <line num="4" count="2" type="stmt"/>
        <line num="5" count="2" type="stmt"/>
        <line num="8" count="1" type="cond" truecount="1" falsecount="0"/>
        <line num="9" count="2" type="stmt"/>
        <line num="10" count="2" type="stmt"/>
        <line num="12" count="1" type="cond" truecount="1" falsecount="0"/>
        <line num="13" count="3" type="stmt"/>
        <line num="14" count="3" type="stmt"/>
        <line num="16" count="1" type="stmt"/>
        <line num="17" count="0" type="stmt"/>
        <line num="18" count="0" type="stmt"/>
      </file>
    </package>
    <package name="src.shopping-cart">
      <metrics statements="26" coveredstatements="26" conditionals="6" coveredconditionals="6" methods="3" coveredmethods="3"/>
      <file name="ItemCounter.tsx" path="C:\Users\Matthew.LAPTOP-4OI0A26J\Documents\2.Practicas\React-fernando-herrera\02-firts-steps\src\shopping-cart\ItemCounter.tsx">
        <metrics statements="26" coveredstatements="26" conditionals="6" coveredconditionals="6" methods="3" coveredmethods="3"/>
        <line num="1" count="1" type="stmt"/>
        <line num="4" count="1" type="stmt"/>
        <line num="12" count="1" type="cond" truecount="1" falsecount="0"/>
        <line num="14" count="9" type="stmt"/>
        <line num="17" count="9" type="cond" truecount="1" falsecount="0"/>
        <line num="18" count="1" type="stmt"/>
        <line num="19" count="1" type="stmt"/>
        <line num="20" count="1" type="stmt"/>
        <line num="22" count="9" type="cond" truecount="1" falsecount="0"/>
        <line num="23" count="2" type="cond" truecount="1" falsecount="0"/>
        <line num="24" count="1" type="stmt"/>
        <line num="25" count="1" type="stmt"/>
        <line num="27" count="9" type="stmt"/>
        <line num="28" count="9" type="stmt"/>
        <line num="29" count="9" type="stmt"/>
        <line num="30" count="9" type="stmt"/>
        <line num="31" count="9" type="stmt"/>
        <line num="34" count="9" type="cond" truecount="2" falsecount="0"/>
        <line num="35" count="9" type="stmt"/>
        <line num="36" count="9" type="stmt"/>
        <line num="37" count="9" type="stmt"/>
        <line num="38" count="9" type="stmt"/>
        <line num="39" count="9" type="stmt"/>
        <line num="40" count="9" type="stmt"/>
        <line num="41" count="9" type="stmt"/>
        <line num="44" count="9" type="stmt"/>
      </file>
    </package>
  </project>
</coverage>
