{"C:\\Users\\Matthew.LAPTOP-4OI0A26J\\Documents\\2.Practicas\\React-fernando-herrera\\02-firts-steps\\src\\FirstSteepsApp.tsx": {"path":"C:\\Users\\Matthew.LAPTOP-4OI0A26J\\Documents\\2.Practicas\\React-fernando-herrera\\02-firts-steps\\src\\FirstSteepsApp.tsx","all":false,"statementMap":{"0":{"start":{"line":1,"column":0},"end":{"line":1,"column":57}},"7":{"start":{"line":8,"column":0},"end":{"line":8,"column":36}},"8":{"start":{"line":9,"column":0},"end":{"line":9,"column":54}},"9":{"start":{"line":10,"column":0},"end":{"line":10,"column":50}},"10":{"start":{"line":11,"column":0},"end":{"line":11,"column":50}},"11":{"start":{"line":12,"column":0},"end":{"line":12,"column":1}},"13":{"start":{"line":14,"column":0},"end":{"line":14,"column":34}},"14":{"start":{"line":15,"column":0},"end":{"line":15,"column":12}},"15":{"start":{"line":16,"column":0},"end":{"line":16,"column":10}},"16":{"start":{"line":17,"column":0},"end":{"line":17,"column":37}},"18":{"start":{"line":19,"column":0},"end":{"line":19,"column":61}},"19":{"start":{"line":20,"column":0},"end":{"line":20,"column":88}},"28":{"start":{"line":29,"column":0},"end":{"line":29,"column":1}}},"s":{"0":1,"7":1,"8":1,"9":1,"10":1,"11":1,"13":1,"14":3,"15":3,"16":3,"18":3,"19":3,"28":3},"branchMap":{"0":{"type":"branch","line":14,"loc":{"start":{"line":14,"column":7},"end":{"line":29,"column":1}},"locations":[{"start":{"line":14,"column":7},"end":{"line":29,"column":1}}]}},"b":{"0":[3]},"fnMap":{"0":{"name":"FirstSteepsApp","decl":{"start":{"line":14,"column":7},"end":{"line":29,"column":1}},"loc":{"start":{"line":14,"column":7},"end":{"line":29,"column":1}},"line":14}},"f":{"0":3}}
,"C:\\Users\\Matthew.LAPTOP-4OI0A26J\\Documents\\2.Practicas\\React-fernando-herrera\\02-firts-steps\\src\\MyAwesomeApp.tsx": {"path":"C:\\Users\\Matthew.LAPTOP-4OI0A26J\\Documents\\2.Practicas\\React-fernando-herrera\\02-firts-steps\\src\\MyAwesomeApp.tsx","all":false,"statementMap":{"0":{"start":{"line":1,"column":0},"end":{"line":1,"column":42}},"2":{"start":{"line":3,"column":0},"end":{"line":3,"column":32}},"3":{"start":{"line":4,"column":0},"end":{"line":4,"column":54}},"5":{"start":{"line":6,"column":0},"end":{"line":6,"column":67}},"6":{"start":{"line":7,"column":0},"end":{"line":7,"column":26}},"8":{"start":{"line":9,"column":0},"end":{"line":9,"column":21}},"9":{"start":{"line":10,"column":0},"end":{"line":10,"column":24}},"10":{"start":{"line":11,"column":0},"end":{"line":11,"column":28}},"11":{"start":{"line":12,"column":0},"end":{"line":12,"column":5}},"13":{"start":{"line":14,"column":0},"end":{"line":14,"column":34}},"14":{"start":{"line":15,"column":0},"end":{"line":15,"column":53}},"15":{"start":{"line":16,"column":0},"end":{"line":16,"column":25}},"16":{"start":{"line":17,"column":0},"end":{"line":17,"column":19}},"17":{"start":{"line":18,"column":0},"end":{"line":18,"column":5}},"18":{"start":{"line":19,"column":0},"end":{"line":19,"column":12}},"19":{"start":{"line":20,"column":0},"end":{"line":20,"column":35}},"20":{"start":{"line":21,"column":0},"end":{"line":21,"column":67}},"21":{"start":{"line":22,"column":0},"end":{"line":22,"column":63}},"23":{"start":{"line":24,"column":0},"end":{"line":24,"column":42}},"24":{"start":{"line":25,"column":0},"end":{"line":25,"column":44}},"27":{"start":{"line":28,"column":0},"end":{"line":28,"column":64}},"28":{"start":{"line":29,"column":0},"end":{"line":29,"column":27}},"30":{"start":{"line":31,"column":0},"end":{"line":31,"column":30}},"31":{"start":{"line":32,"column":0},"end":{"line":32,"column":44}},"35":{"start":{"line":36,"column":0},"end":{"line":36,"column":1}}},"s":{"0":1,"2":1,"3":4,"5":4,"6":4,"8":4,"9":4,"10":4,"11":4,"13":4,"14":4,"15":4,"16":4,"17":4,"18":4,"19":4,"20":4,"21":4,"23":4,"24":4,"27":4,"28":4,"30":4,"31":4,"35":4},"branchMap":{"0":{"type":"branch","line":3,"loc":{"start":{"line":3,"column":7},"end":{"line":36,"column":1}},"locations":[{"start":{"line":3,"column":7},"end":{"line":36,"column":1}}]},"1":{"type":"branch","line":15,"loc":{"start":{"line":15,"column":36},"end":{"line":15,"column":53}},"locations":[{"start":{"line":15,"column":36},"end":{"line":15,"column":53}}]}},"b":{"0":[4],"1":[0]},"fnMap":{"0":{"name":"MyAwesomeApp","decl":{"start":{"line":3,"column":7},"end":{"line":36,"column":1}},"loc":{"start":{"line":3,"column":7},"end":{"line":36,"column":1}},"line":3}},"f":{"0":4}}
,"C:\\Users\\Matthew.LAPTOP-4OI0A26J\\Documents\\2.Practicas\\React-fernando-herrera\\02-firts-steps\\src\\main.tsx": {"path":"C:\\Users\\Matthew.LAPTOP-4OI0A26J\\Documents\\2.Practicas\\React-fernando-herrera\\02-firts-steps\\src\\main.tsx","all":true,"statementMap":{"0":{"start":{"line":1,"column":0},"end":{"line":1,"column":25}},"1":{"start":{"line":2,"column":0},"end":{"line":2,"column":39}},"2":{"start":{"line":3,"column":0},"end":{"line":3,"column":49}},"3":{"start":{"line":4,"column":0},"end":{"line":4,"column":48}},"5":{"start":{"line":6,"column":0},"end":{"line":6,"column":61}},"6":{"start":{"line":7,"column":0},"end":{"line":7,"column":23}},"7":{"start":{"line":8,"column":0},"end":{"line":8,"column":22}}},"s":{"0":0,"1":0,"2":0,"3":0,"5":0,"6":0,"7":0},"branchMap":{"0":{"type":"branch","line":1,"loc":{"start":{"line":1,"column":338},"end":{"line":11,"column":1}},"locations":[{"start":{"line":1,"column":338},"end":{"line":11,"column":1}}]}},"b":{"0":[0]},"fnMap":{"0":{"name":"(empty-report)","decl":{"start":{"line":1,"column":338},"end":{"line":11,"column":1}},"loc":{"start":{"line":1,"column":338},"end":{"line":11,"column":1}},"line":1}},"f":{"0":0}}
,"C:\\Users\\Matthew.LAPTOP-4OI0A26J\\Documents\\2.Practicas\\React-fernando-herrera\\02-firts-steps\\src\\helpers\\math.helper.ts": {"path":"C:\\Users\\Matthew.LAPTOP-4OI0A26J\\Documents\\2.Practicas\\React-fernando-herrera\\02-firts-steps\\src\\helpers\\math.helper.ts","all":false,"statementMap":{"1":{"start":{"line":2,"column":0},"end":{"line":2,"column":44}},"2":{"start":{"line":3,"column":0},"end":{"line":3,"column":9}},"3":{"start":{"line":4,"column":0},"end":{"line":4,"column":16}},"4":{"start":{"line":5,"column":0},"end":{"line":5,"column":1}},"7":{"start":{"line":8,"column":0},"end":{"line":8,"column":50}},"8":{"start":{"line":9,"column":0},"end":{"line":9,"column":16}},"9":{"start":{"line":10,"column":0},"end":{"line":10,"column":1}},"11":{"start":{"line":12,"column":0},"end":{"line":12,"column":49}},"12":{"start":{"line":13,"column":0},"end":{"line":13,"column":16}},"13":{"start":{"line":14,"column":0},"end":{"line":14,"column":1}},"15":{"start":{"line":16,"column":0},"end":{"line":16,"column":47}},"16":{"start":{"line":17,"column":0},"end":{"line":17,"column":16}},"17":{"start":{"line":18,"column":0},"end":{"line":18,"column":1}}},"s":{"1":1,"2":2,"3":2,"4":2,"7":1,"8":2,"9":2,"11":1,"12":3,"13":3,"15":1,"16":0,"17":0},"branchMap":{"0":{"type":"branch","line":2,"loc":{"start":{"line":2,"column":19},"end":{"line":5,"column":1}},"locations":[{"start":{"line":2,"column":19},"end":{"line":5,"column":1}}]},"1":{"type":"branch","line":8,"loc":{"start":{"line":8,"column":25},"end":{"line":10,"column":1}},"locations":[{"start":{"line":8,"column":25},"end":{"line":10,"column":1}}]},"2":{"type":"branch","line":12,"loc":{"start":{"line":12,"column":24},"end":{"line":14,"column":1}},"locations":[{"start":{"line":12,"column":24},"end":{"line":14,"column":1}}]}},"b":{"0":[2],"1":[2],"2":[3]},"fnMap":{"0":{"name":"add","decl":{"start":{"line":2,"column":19},"end":{"line":5,"column":1}},"loc":{"start":{"line":2,"column":19},"end":{"line":5,"column":1}},"line":2},"1":{"name":"substract","decl":{"start":{"line":8,"column":25},"end":{"line":10,"column":1}},"loc":{"start":{"line":8,"column":25},"end":{"line":10,"column":1}},"line":8},"2":{"name":"multiply","decl":{"start":{"line":12,"column":24},"end":{"line":14,"column":1}},"loc":{"start":{"line":12,"column":24},"end":{"line":14,"column":1}},"line":12},"3":{"name":"divide","decl":{"start":{"line":16,"column":22},"end":{"line":18,"column":1}},"loc":{"start":{"line":16,"column":22},"end":{"line":18,"column":1}},"line":16}},"f":{"0":2,"1":2,"2":3,"3":0}}
,"C:\\Users\\Matthew.LAPTOP-4OI0A26J\\Documents\\2.Practicas\\React-fernando-herrera\\02-firts-steps\\src\\shopping-cart\\ItemCounter.tsx": {"path":"C:\\Users\\Matthew.LAPTOP-4OI0A26J\\Documents\\2.Practicas\\React-fernando-herrera\\02-firts-steps\\src\\shopping-cart\\ItemCounter.tsx","all":false,"statementMap":{"0":{"start":{"line":1,"column":0},"end":{"line":1,"column":10}},"3":{"start":{"line":4,"column":0},"end":{"line":4,"column":28}},"11":{"start":{"line":12,"column":0},"end":{"line":12,"column":59}},"13":{"start":{"line":14,"column":0},"end":{"line":14,"column":49}},"16":{"start":{"line":17,"column":0},"end":{"line":17,"column":27}},"17":{"start":{"line":18,"column":0},"end":{"line":18,"column":30}},"18":{"start":{"line":19,"column":0},"end":{"line":19,"column":23}},"19":{"start":{"line":20,"column":0},"end":{"line":20,"column":3}},"21":{"start":{"line":22,"column":0},"end":{"line":22,"column":32}},"22":{"start":{"line":23,"column":0},"end":{"line":23,"column":26}},"23":{"start":{"line":24,"column":0},"end":{"line":24,"column":23}},"24":{"start":{"line":25,"column":0},"end":{"line":25,"column":3}},"26":{"start":{"line":27,"column":0},"end":{"line":27,"column":68}},"27":{"start":{"line":28,"column":0},"end":{"line":28,"column":49}},"28":{"start":{"line":29,"column":0},"end":{"line":29,"column":6}},"29":{"start":{"line":30,"column":0},"end":{"line":30,"column":10}},"30":{"start":{"line":31,"column":0},"end":{"line":31,"column":44}},"33":{"start":{"line":34,"column":0},"end":{"line":34,"column":111}},"34":{"start":{"line":35,"column":0},"end":{"line":35,"column":13}},"35":{"start":{"line":36,"column":0},"end":{"line":36,"column":27}},"36":{"start":{"line":37,"column":0},"end":{"line":37,"column":18}},"37":{"start":{"line":38,"column":0},"end":{"line":38,"column":28}},"38":{"start":{"line":39,"column":0},"end":{"line":39,"column":13}},"39":{"start":{"line":40,"column":0},"end":{"line":40,"column":32}},"40":{"start":{"line":41,"column":0},"end":{"line":41,"column":18}},"43":{"start":{"line":44,"column":0},"end":{"line":44,"column":1}}},"s":{"0":1,"3":1,"11":1,"13":9,"16":9,"17":1,"18":1,"19":1,"21":9,"22":2,"23":1,"24":1,"26":9,"27":9,"28":9,"29":9,"30":9,"33":9,"34":9,"35":9,"36":9,"37":9,"38":9,"39":9,"40":9,"43":9},"branchMap":{"0":{"type":"branch","line":12,"loc":{"start":{"line":12,"column":7},"end":{"line":44,"column":1}},"locations":[{"start":{"line":12,"column":7},"end":{"line":44,"column":1}}]},"1":{"type":"branch","line":34,"loc":{"start":{"line":34,"column":63},"end":{"line":34,"column":86}},"locations":[{"start":{"line":34,"column":63},"end":{"line":34,"column":86}}]},"2":{"type":"branch","line":34,"loc":{"start":{"line":34,"column":86},"end":{"line":34,"column":90}},"locations":[{"start":{"line":34,"column":86},"end":{"line":34,"column":90}}]},"3":{"type":"branch","line":17,"loc":{"start":{"line":17,"column":20},"end":{"line":20,"column":3}},"locations":[{"start":{"line":17,"column":20},"end":{"line":20,"column":3}}]},"4":{"type":"branch","line":22,"loc":{"start":{"line":22,"column":25},"end":{"line":25,"column":3}},"locations":[{"start":{"line":22,"column":25},"end":{"line":25,"column":3}}]},"5":{"type":"branch","line":23,"loc":{"start":{"line":23,"column":20},"end":{"line":25,"column":3}},"locations":[{"start":{"line":23,"column":20},"end":{"line":25,"column":3}}]}},"b":{"0":[9],"1":[3],"2":[6],"3":[1],"4":[2],"5":[1]},"fnMap":{"0":{"name":"ItemCounter","decl":{"start":{"line":12,"column":7},"end":{"line":44,"column":1}},"loc":{"start":{"line":12,"column":7},"end":{"line":44,"column":1}},"line":12},"1":{"name":"handleAdd","decl":{"start":{"line":17,"column":20},"end":{"line":20,"column":3}},"loc":{"start":{"line":17,"column":20},"end":{"line":20,"column":3}},"line":17},"2":{"name":"handleSubtract","decl":{"start":{"line":22,"column":25},"end":{"line":25,"column":3}},"loc":{"start":{"line":22,"column":25},"end":{"line":25,"column":3}},"line":22}},"f":{"0":9,"1":1,"2":2}}
}
